<?xml version="1.0" encoding="UTF-8"?>
<!-- Generated by org.testng.reporters.JUnitXMLReporter -->
<testsuite ignored="0" hostname="DESKTOP-4PN1C26" failures="0" tests="10" name="Surefire test" time="17.89" errors="0" timestamp="2024-10-12T23:05:41 CST">
  <testcase classname="api.test.DDTests" name="testPostUser" time="3.231"/>
  <testcase classname="api.test.DDTests" name="testPostUser" time="1.477"/>
  <testcase classname="api.test.DDTests" name="testPostUser" time="1.521"/>
  <testcase classname="api.test.DDTests" name="testDeleteUserByName" time="1.636"/>
  <testcase classname="api.test.DDTests" name="testDeleteUserByName" time="1.29"/>
  <testcase classname="api.test.DDTests" name="testDeleteUserByName" time="0.0"/>
  <testcase classname="api.test.UserTests" name="testPostUser" time="1.466"/>
  <testcase classname="api.test.UserTests" name="testGetUserByName" time="1.357"/>
  <testcase classname="api.test.UserTests" name="testUpdateUserByName" time="2.872"/>
  <testcase classname="api.test.UserTests" name="testDeleteUserByName" time="1.441"/>
</testsuite> <!-- Surefire test -->
