<?xml version="1.0" encoding="UTF-8"?>
<!-- Generated by org.testng.reporters.JUnitXMLReporter -->
<testsuite ignored="0" hostname="DESKTOP-4PN1C26" failures="0" tests="6" name="Default test" time="10.168" errors="0" timestamp="2024-10-12T03:16:02 CST">
  <testcase classname="api.test.DDTests" name="testPostUser" time="2.92"/>
  <testcase classname="api.test.DDTests" name="testPostUser" time="1.58"/>
  <testcase classname="api.test.DDTests" name="testPostUser" time="1.592"/>
  <testcase classname="api.test.DDTests" name="testDeleteUserByName" time="1.391"/>
  <testcase classname="api.test.DDTests" name="testDeleteUserByName" time="1.597"/>
  <testcase classname="api.test.DDTests" name="testDeleteUserByName" time="0.002"/>
</testsuite> <!-- Default test -->
