<?xml version="1.0" encoding="UTF-8"?>
<testng-results ignored="0" total="4" passed="4" failed="0" skipped="0">
  <reporter-output>
  </reporter-output>
  <suite started-at="2024-10-12T04:38:25 CST" name="PetSuite" finished-at="2024-10-12T04:38:34 CST" duration-ms="9738">
    <groups>
    </groups>
    <test started-at="2024-10-12T04:38:25 CST" name="PetTest" finished-at="2024-10-12T04:38:34 CST" duration-ms="9738">
      <class name="api.test.UserTests2">
        <test-method is-config="true" signature="setUp()[pri:0, instance:api.test.UserTests2@24be2d9c]" started-at="2024-10-12T04:38:25 CST" name="setUp" finished-at="2024-10-12T04:38:25 CST" duration-ms="190" status="PASS">
          <reporter-output>
          </reporter-output>
        </test-method> <!-- setUp -->
        <test-method signature="testPostUser()[pri:1, instance:api.test.UserTests2@24be2d9c]" started-at="2024-10-12T04:38:25 CST" name="testPostUser" finished-at="2024-10-12T04:38:29 CST" duration-ms="3662" status="PASS">
          <reporter-output>
          </reporter-output>
        </test-method> <!-- testPostUser -->
        <test-method signature="testGetUserByName()[pri:2, instance:api.test.UserTests2@24be2d9c]" started-at="2024-10-12T04:38:29 CST" name="testGetUserByName" finished-at="2024-10-12T04:38:30 CST" duration-ms="1749" status="PASS">
          <reporter-output>
          </reporter-output>
        </test-method> <!-- testGetUserByName -->
        <test-method signature="testUpdateUserByName()[pri:3, instance:api.test.UserTests2@24be2d9c]" started-at="2024-10-12T04:38:30 CST" name="testUpdateUserByName" finished-at="2024-10-12T04:38:33 CST" duration-ms="2563" status="PASS">
          <reporter-output>
          </reporter-output>
        </test-method> <!-- testUpdateUserByName -->
        <test-method signature="testDeleteUserByName()[pri:4, instance:api.test.UserTests2@24be2d9c]" started-at="2024-10-12T04:38:33 CST" name="testDeleteUserByName" finished-at="2024-10-12T04:38:34 CST" duration-ms="1274" status="PASS">
          <reporter-output>
          </reporter-output>
        </test-method> <!-- testDeleteUserByName -->
      </class> <!-- api.test.UserTests2 -->
    </test> <!-- PetTest -->
  </suite> <!-- PetSuite -->
</testng-results>
