<?xml version="1.0" encoding="UTF-8"?>
<!-- Generated by org.testng.reporters.JUnitXMLReporter -->
<testsuite ignored="0" hostname="DESKTOP-4PN1C26" failures="0" tests="4" name="PetTest" time="9.738" errors="0" timestamp="2024-10-12T04:38:35 CST">
  <testcase classname="api.test.UserTests2" name="testPostUser" time="3.662"/>
  <testcase classname="api.test.UserTests2" name="testGetUserByName" time="1.749"/>
  <testcase classname="api.test.UserTests2" name="testUpdateUserByName" time="2.563"/>
  <testcase classname="api.test.UserTests2" name="testDeleteUserByName" time="1.274"/>
</testsuite> <!-- PetTest -->
